<?xml version="1.0" encoding="UTF-8"?>
<testsuites>
  <testsuite name="fastlane.lanes">
    
    
    
      
      <testcase classname="fastlane.lanes" name="0: default_platform" time="0.0042165">
        
      </testcase>
    
      
      <testcase classname="fastlane.lanes" name="1: clean assembleRelease" time="36.5658132">
        
          <failure message="C:/Ruby34-x64/lib/ruby/gems/3.4.0/gems/fastlane-2.228.0/fastlane/lib/fastlane/actions/actions_helper.rb:67:in &apos;Fastlane::Actions.execute_action&apos;&#10;C:/Ruby34-x64/lib/ruby/gems/3.4.0/gems/fastlane-2.228.0/fastlane/lib/fastlane/runner.rb:255:in &apos;block in Fastlane::Runner#execute_action&apos;&#10;C:/Ruby34-x64/lib/ruby/gems/3.4.0/gems/fastlane-2.228.0/fastlane/lib/fastlane/runner.rb:229:in &apos;Dir.chdir&apos;&#10;C:/Ruby34-x64/lib/ruby/gems/3.4.0/gems/fastlane-2.228.0/fastlane/lib/fastlane/runner.rb:229:in &apos;Fastlane::Runner#execute_action&apos;&#10;C:/Ruby34-x64/lib/ruby/gems/3.4.0/gems/fastlane-2.228.0/fastlane/lib/fastlane/runner.rb:157:in &apos;Fastlane::Runner#trigger_action_by_name&apos;&#10;C:/Ruby34-x64/lib/ruby/gems/3.4.0/gems/fastlane-2.228.0/fastlane/lib/fastlane/fast_file.rb:159:in &apos;Fastlane::FastFile#method_missing&apos;&#10;Fastfile:9:in &apos;block (2 levels) in Fastlane::FastFile#parsing_binding&apos;&#10;C:/Ruby34-x64/lib/ruby/gems/3.4.0/gems/fastlane-2.228.0/fastlane/lib/fastlane/lane.rb:41:in &apos;Fastlane::Lane#call&apos;&#10;C:/Ruby34-x64/lib/ruby/gems/3.4.0/gems/fastlane-2.228.0/fastlane/lib/fastlane/runner.rb:49:in &apos;block in Fastlane::Runner#execute&apos;&#10;C:/Ruby34-x64/lib/ruby/gems/3.4.0/gems/fastlane-2.228.0/fastlane/lib/fastlane/runner.rb:45:in &apos;Dir.chdir&apos;&#10;C:/Ruby34-x64/lib/ruby/gems/3.4.0/gems/fastlane-2.228.0/fastlane/lib/fastlane/runner.rb:45:in &apos;Fastlane::Runner#execute&apos;&#10;C:/Ruby34-x64/lib/ruby/gems/3.4.0/gems/fastlane-2.228.0/fastlane/lib/fastlane/lane_manager.rb:46:in &apos;Fastlane::LaneManager.cruise_lane&apos;&#10;C:/Ruby34-x64/lib/ruby/gems/3.4.0/gems/fastlane-2.228.0/fastlane/lib/fastlane/command_line_handler.rb:34:in &apos;Fastlane::CommandLineHandler.handle&apos;&#10;C:/Ruby34-x64/lib/ruby/gems/3.4.0/gems/fastlane-2.228.0/fastlane/lib/fastlane/commands_generator.rb:110:in &apos;block (2 levels) in Fastlane::CommandsGenerator#run&apos;&#10;C:/Ruby34-x64/lib/ruby/gems/3.4.0/gems/commander-4.6.0/lib/commander/command.rb:187:in &apos;Commander::Command#call&apos;&#10;C:/Ruby34-x64/lib/ruby/gems/3.4.0/gems/commander-4.6.0/lib/commander/command.rb:157:in &apos;Commander::Command#run&apos;&#10;C:/Ruby34-x64/lib/ruby/gems/3.4.0/gems/commander-4.6.0/lib/commander/runner.rb:444:in &apos;Commander::Runner#run_active_command&apos;&#10;C:/Ruby34-x64/lib/ruby/gems/3.4.0/gems/fastlane-2.228.0/fastlane_core/lib/fastlane_core/ui/fastlane_runner.rb:124:in &apos;Commander::Runner#run!&apos;&#10;C:/Ruby34-x64/lib/ruby/gems/3.4.0/gems/commander-4.6.0/lib/commander/delegates.rb:18:in &apos;Commander::Delegates#run!&apos;&#10;C:/Ruby34-x64/lib/ruby/gems/3.4.0/gems/fastlane-2.228.0/fastlane/lib/fastlane/commands_generator.rb:363:in &apos;Fastlane::CommandsGenerator#run&apos;&#10;C:/Ruby34-x64/lib/ruby/gems/3.4.0/gems/fastlane-2.228.0/fastlane/lib/fastlane/commands_generator.rb:43:in &apos;Fastlane::CommandsGenerator.start&apos;&#10;C:/Ruby34-x64/lib/ruby/gems/3.4.0/gems/fastlane-2.228.0/fastlane/lib/fastlane/cli_tools_distributor.rb:123:in &apos;Fastlane::CLIToolsDistributor.take_off&apos;&#10;C:/Ruby34-x64/lib/ruby/gems/3.4.0/gems/fastlane-2.228.0/bin/fastlane:23:in &apos;&lt;top (required)&gt;&apos;&#10;C:/Ruby34-x64/bin/fastlane:36:in &apos;Kernel#load&apos;&#10;C:/Ruby34-x64/bin/fastlane:36:in &apos;&lt;main&gt;&apos;&#10;&#10;Exit status of command &apos;&quot;D:/Work/flutter app/cargo_flow/android/gradlew&quot; clean assembleRelease -p android&apos; was 1 instead of 0.&#10;&#10;&gt; Configure project :gradle&#10;WARNING: Unsupported Kotlin plugin version.&#10;The `embedded-kotlin` and `kotlin-dsl` plugins rely on features of Kotlin `1.8.10` that might work differently than in the requested version `1.9.20`.&#10;&#10;&gt; Task :gradle:checkKotlinGradlePluginConfigurationErrors&#10;&gt; Task :gradle:pluginDescriptors UP-TO-DATE&#10;&gt; Task :gradle:processResources UP-TO-DATE&#10;&#10;&gt; Task :gradle:compileKotlin FAILED&#10;e: file:///C:/src/flutter/packages/flutter_tools/gradle/src/main/kotlin/FlutterPlugin.kt:764:21 Unresolved reference: filePermissions&#10;e: file:///C:/src/flutter/packages/flutter_tools/gradle/src/main/kotlin/FlutterPlugin.kt:765:25 Unresolved reference: user&#10;e: file:///C:/src/flutter/packages/flutter_tools/gradle/src/main/kotlin/FlutterPlugin.kt:766:29 Unresolved reference: read&#10;e: file:///C:/src/flutter/packages/flutter_tools/gradle/src/main/kotlin/FlutterPlugin.kt:767:29 Unresolved reference: write&#10;&#10;FAILURE: Build failed with an exception.&#10;&#10;* What went wrong:&#10;Execution failed for task &apos;:gradle:compileKotlin&apos;.&#10;&gt; A failure occurred while executing org.jetbrains.kotlin.compilerRunner.GradleCompilerRunnerWithWorkers$GradleKotlinCompilerWorkAction&#10;   &gt; Compilation error. See log for more details&#10;&#10;* Try:&#10;&gt; Run with --stacktrace option to get the stack trace.&#10;&gt; Run with --info or --debug option to get more log output.&#10;&gt; Run with --scan to get full insights.&#10;&#10;* Get more help at https://help.gradle.org&#10;&#10;BUILD FAILED in 34s&#10;4 actionable tasks: 2 executed, 2 up-to-date&#10;" />
        
      </testcase>
    
  </testsuite>
</testsuites>
